2025-03-02 06:12:12,032 INFO o.h.v.i.u.Version [background-preinit] HV000001: Hibernate Validator 8.0.2.Final
2025-03-02 06:12:12,128 INFO o.s.b.StartupInfoLogger [main] Starting ServerlessApplication using Java 17.0.14 with PID 963795 (/home/vinicius/Documentos/Projetos Pessoais/Faculdade/serverless/target/classes started by vinicius in /home/vinicius/Documentos/Projetos Pessoais/Faculdade/serverless)
2025-03-02 06:12:12,130 DEBUG o.s.b.StartupInfoLogger [main] Running with Spring Boot v3.4.3, Spring v6.2.3
2025-03-02 06:12:12,132 INFO o.s.b.SpringApplication [main] No active profile set, falling back to 1 default profile: "default"
2025-03-02 06:12:13,669 INFO o.s.d.r.c.RepositoryConfigurationDelegate [main] Bootstrapping Spring Data JPA repositories in DEFAULT mode.
2025-03-02 06:12:13,751 INFO o.s.d.r.c.RepositoryConfigurationDelegate [main] Finished Spring Data repository scanning in 69 ms. Found 3 JPA repository interfaces.
2025-03-02 06:12:15,267 INFO o.s.b.w.e.t.TomcatWebServer [main] Tomcat initialized with port 8080 (http)
2025-03-02 06:12:15,282 INFO o.a.j.l.DirectJDKLog [main] Initializing ProtocolHandler ["http-nio-8080"]
2025-03-02 06:12:15,283 INFO o.a.j.l.DirectJDKLog [main] Starting service [Tomcat]
2025-03-02 06:12:15,284 INFO o.a.j.l.DirectJDKLog [main] Starting Servlet engine: [Apache Tomcat/10.1.36]
2025-03-02 06:12:15,346 INFO o.a.j.l.DirectJDKLog [main] Initializing Spring embedded WebApplicationContext
2025-03-02 06:12:15,347 INFO o.s.b.w.s.c.ServletWebServerApplicationContext [main] Root WebApplicationContext: initialization completed in 3158 ms
2025-03-02 06:12:15,972 INFO o.h.j.i.u.LogHelper [main] HHH000204: Processing PersistenceUnitInfo [name: default]
2025-03-02 06:12:16,040 INFO o.h.Version [main] HHH000412: Hibernate ORM core version 6.6.8.Final
2025-03-02 06:12:16,091 INFO o.h.c.i.RegionFactoryInitiator [main] HHH000026: Second-level cache disabled
2025-03-02 06:12:16,441 INFO o.s.o.j.p.SpringPersistenceUnitInfo [main] No LoadTimeWeaver setup: ignoring JPA class transformer
2025-03-02 06:12:16,484 INFO c.z.h.HikariDataSource [main] HikariPool-1 - Starting...
2025-03-02 06:12:16,856 INFO c.z.h.p.HikariPool [main] HikariPool-1 - Added connection org.postgresql.jdbc.PgConnection@4dffa400
2025-03-02 06:12:16,859 INFO c.z.h.HikariDataSource [main] HikariPool-1 - Start completed.
2025-03-02 06:12:16,904 WARN o.h.e.j.d.i.DialectFactoryImpl [main] HHH90000025: PostgreSQLDialect does not need to be specified explicitly using 'hibernate.dialect' (remove the property setting and it will be selected by default)
2025-03-02 06:12:16,951 INFO o.h.e.j.e.i.JdbcEnvironmentInitiator [main] HHH10001005: Database info:
	Database JDBC URL [Connecting through datasource 'HikariDataSource (HikariPool-1)']
	Database driver: undefined/unknown
	Database version: 14.15
	Autocommit mode: undefined/unknown
	Isolation level: undefined/unknown
	Minimum pool size: undefined/unknown
	Maximum pool size: undefined/unknown
2025-03-02 06:12:18,224 INFO o.h.e.t.j.p.i.JtaPlatformInitiator [main] HHH000489: No JTA platform available (set 'hibernate.transaction.jta.platform' to enable JTA platform integration)
2025-03-02 06:12:18,316 INFO o.s.o.j.AbstractEntityManagerFactoryBean [main] Initialized JPA EntityManagerFactory for persistence unit 'default'
2025-03-02 06:12:19,003 DEBUG o.s.w.f.GenericFilterBean [main] Filter 'jwtAuthFilter' configured for use
2025-03-02 06:12:19,120 INFO o.s.s.c.a.a.c.InitializeAuthenticationProviderBeanManagerConfigurer$InitializeAuthenticationProviderManagerConfigurer [main] Global AuthenticationManager configured with AuthenticationProvider bean with name authenticationProvider
2025-03-02 06:12:19,121 WARN o.s.s.c.a.a.c.InitializeUserDetailsBeanManagerConfigurer$InitializeUserDetailsManagerConfigurer [main] Global AuthenticationManager configured with an AuthenticationProvider bean. UserDetailsService beans will not be used by Spring Security for automatically configuring username/password login. Consider removing the AuthenticationProvider bean. Alternatively, consider using the UserDetailsService in a manually instantiated DaoAuthenticationProvider. If the current configuration is intentional, to turn off this warning, increase the logging level of 'org.springframework.security.config.annotation.authentication.configuration.InitializeUserDetailsBeanManagerConfigurer' to ERROR
2025-03-02 06:12:19,324 WARN o.s.b.a.o.j.JpaBaseConfiguration$JpaWebConfiguration [main] spring.jpa.open-in-view is enabled by default. Therefore, database queries may be performed during view rendering. Explicitly configure spring.jpa.open-in-view to disable this warning
2025-03-02 06:12:20,087 INFO o.s.b.a.e.w.EndpointLinksResolver [main] Exposing 3 endpoints beneath base path '/actuator'
2025-03-02 06:12:20,931 INFO o.a.j.l.DirectJDKLog [RMI TCP Connection(2)-127.0.0.1] Initializing Spring DispatcherServlet 'dispatcherServlet'
2025-03-02 06:12:20,932 INFO o.s.w.s.FrameworkServlet [RMI TCP Connection(2)-127.0.0.1] Initializing Servlet 'dispatcherServlet'
2025-03-02 06:12:20,935 INFO o.s.w.s.FrameworkServlet [RMI TCP Connection(2)-127.0.0.1] Completed initialization in 3 ms
2025-03-02 06:12:21,028 INFO o.a.j.l.DirectJDKLog [main] Starting ProtocolHandler ["http-nio-8080"]
2025-03-02 06:12:21,051 INFO o.s.b.w.e.t.TomcatWebServer [main] Tomcat started on port 8080 (http) with context path '/'
2025-03-02 06:12:21,056 INFO o.s.b.StartupInfoLogger [main] Started ServerlessApplication in 9.628 seconds (process running for 10.189)
2025-03-02 06:12:29,514 INFO c.e.s.s.a.LogginAspect [http-nio-8080-exec-1] → Starting generateToken in JwtService
2025-03-02 06:12:29,515 DEBUG c.e.s.s.s.JwtService [http-nio-8080-exec-1] Gerando token para usuário: viniaqf@gmail.com
2025-03-02 06:12:29,516 INFO c.e.s.s.s.JwtService [http-nio-8080-exec-1] Gerando token para usuário: viniaqf@gmail.com com claims extras
2025-03-02 06:12:29,550 DEBUG c.e.s.s.s.JwtService [http-nio-8080-exec-1] Token gerado com sucesso
2025-03-02 06:12:29,552 INFO c.e.s.s.a.LogginAspect [http-nio-8080-exec-1] ← Completed generateToken in 36ms
2025-03-02 06:12:45,721 INFO c.e.s.s.a.LogginAspect [http-nio-8080-exec-3] → Starting loadUserByUsername in CustomUserDetailsService
2025-03-02 06:12:45,855 INFO c.e.s.s.a.LogginAspect [http-nio-8080-exec-3] ← Completed loadUserByUsername in 133ms
2025-03-02 06:12:45,943 INFO c.e.s.s.a.LogginAspect [http-nio-8080-exec-3] → Starting generateToken in JwtService
2025-03-02 06:12:45,944 DEBUG c.e.s.s.s.JwtService [http-nio-8080-exec-3] Gerando token para usuário: viniaqf@gmail.com
2025-03-02 06:12:45,944 INFO c.e.s.s.s.JwtService [http-nio-8080-exec-3] Gerando token para usuário: viniaqf@gmail.com com claims extras
2025-03-02 06:12:45,945 DEBUG c.e.s.s.s.JwtService [http-nio-8080-exec-3] Token gerado com sucesso
2025-03-02 06:12:45,946 INFO c.e.s.s.a.LogginAspect [http-nio-8080-exec-3] ← Completed generateToken in 2ms
2025-03-02 06:12:53,601 INFO c.e.s.s.a.LogginAspect [http-nio-8080-exec-4] → Starting extractUsername in JwtService
2025-03-02 06:12:53,602 DEBUG c.e.s.s.s.JwtService [http-nio-8080-exec-4] Extraindo username do token
2025-03-02 06:12:53,617 ERROR c.e.s.s.s.JwtService [http-nio-8080-exec-4] Erro ao extrair claims do token: JWT expired at 2025-03-02T08:55:27Z. Current time: 2025-03-02T09:12:53Z, a difference of 1046616 milliseconds.  Allowed clock skew: 0 milliseconds.
2025-03-02 06:12:53,618 ERROR c.e.s.s.a.LogginAspect [http-nio-8080-exec-4] × Error in extractUsername: JWT expired at 2025-03-02T08:55:27Z. Current time: 2025-03-02T09:12:53Z, a difference of 1046616 milliseconds.  Allowed clock skew: 0 milliseconds.
2025-03-02 06:12:53,620 ERROR o.a.j.l.DirectJDKLog [http-nio-8080-exec-4] Servlet.service() for servlet [dispatcherServlet] in context with path [] threw exception
io.jsonwebtoken.ExpiredJwtException: JWT expired at 2025-03-02T08:55:27Z. Current time: 2025-03-02T09:12:53Z, a difference of 1046616 milliseconds.  Allowed clock skew: 0 milliseconds.
	at io.jsonwebtoken.impl.DefaultJwtParser.parse(DefaultJwtParser.java:427)
	at io.jsonwebtoken.impl.DefaultJwtParser.parse(DefaultJwtParser.java:529)
	at io.jsonwebtoken.impl.DefaultJwtParser.parseClaimsJws(DefaultJwtParser.java:589)
	at io.jsonwebtoken.impl.ImmutableJwtParser.parseClaimsJws(ImmutableJwtParser.java:173)
	at com.example.serverless.serverless.service.JwtService.extractAllClaims(JwtService.java:87)
	at com.example.serverless.serverless.service.JwtService.extractClaim(JwtService.java:110)
	at com.example.serverless.serverless.service.JwtService.extractUsername(JwtService.java:28)
	at java.base/jdk.internal.reflect.NativeMethodAccessorImpl.invoke0(Native Method)
	at java.base/jdk.internal.reflect.NativeMethodAccessorImpl.invoke(NativeMethodAccessorImpl.java:77)
	at java.base/jdk.internal.reflect.DelegatingMethodAccessorImpl.invoke(DelegatingMethodAccessorImpl.java:43)
	at java.base/java.lang.reflect.Method.invoke(Method.java:569)
	at org.springframework.aop.support.AopUtils.invokeJoinpointUsingReflection(AopUtils.java:359)
	at org.springframework.aop.framework.ReflectiveMethodInvocation.invokeJoinpoint(ReflectiveMethodInvocation.java:196)
	at org.springframework.aop.framework.ReflectiveMethodInvocation.proceed(ReflectiveMethodInvocation.java:163)
	at org.springframework.aop.aspectj.MethodInvocationProceedingJoinPoint.proceed(MethodInvocationProceedingJoinPoint.java:89)
	at com.example.serverless.serverless.aspect.LogginAspect.logServiceMethods(LogginAspect.java:26)
	at java.base/jdk.internal.reflect.NativeMethodAccessorImpl.invoke0(Native Method)
	at java.base/jdk.internal.reflect.NativeMethodAccessorImpl.invoke(NativeMethodAccessorImpl.java:77)
	at java.base/jdk.internal.reflect.DelegatingMethodAccessorImpl.invoke(DelegatingMethodAccessorImpl.java:43)
	at java.base/java.lang.reflect.Method.invoke(Method.java:569)
	at org.springframework.aop.aspectj.AbstractAspectJAdvice.invokeAdviceMethodWithGivenArgs(AbstractAspectJAdvice.java:642)
	at org.springframework.aop.aspectj.AbstractAspectJAdvice.invokeAdviceMethod(AbstractAspectJAdvice.java:632)
	at org.springframework.aop.aspectj.AspectJAroundAdvice.invoke(AspectJAroundAdvice.java:71)
	at org.springframework.aop.framework.ReflectiveMethodInvocation.proceed(ReflectiveMethodInvocation.java:184)
	at org.springframework.aop.interceptor.ExposeInvocationInterceptor.invoke(ExposeInvocationInterceptor.java:97)
	at org.springframework.aop.framework.ReflectiveMethodInvocation.proceed(ReflectiveMethodInvocation.java:184)
	at org.springframework.aop.framework.CglibAopProxy$DynamicAdvisedInterceptor.intercept(CglibAopProxy.java:727)
	at com.example.serverless.serverless.service.JwtService$$SpringCGLIB$$0.extractUsername(<generated>)
	at com.example.serverless.serverless.filter.JwtAuthFilter.doFilterInternal(JwtAuthFilter.java:42)
	at org.springframework.web.filter.OncePerRequestFilter.doFilter(OncePerRequestFilter.java:116)
	at org.springframework.security.web.ObservationFilterChainDecorator$ObservationFilter.wrapFilter(ObservationFilterChainDecorator.java:240)
	at org.springframework.security.web.ObservationFilterChainDecorator$ObservationFilter.doFilter(ObservationFilterChainDecorator.java:227)
	at org.springframework.security.web.ObservationFilterChainDecorator$VirtualFilterChain.doFilter(ObservationFilterChainDecorator.java:137)
	at org.springframework.security.web.authentication.logout.LogoutFilter.doFilter(LogoutFilter.java:107)
	at org.springframework.security.web.authentication.logout.LogoutFilter.doFilter(LogoutFilter.java:93)
	at org.springframework.security.web.ObservationFilterChainDecorator$ObservationFilter.wrapFilter(ObservationFilterChainDecorator.java:240)
	at org.springframework.security.web.ObservationFilterChainDecorator$ObservationFilter.doFilter(ObservationFilterChainDecorator.java:227)
	at org.springframework.security.web.ObservationFilterChainDecorator$VirtualFilterChain.doFilter(ObservationFilterChainDecorator.java:137)
	at org.springframework.security.web.header.HeaderWriterFilter.doHeadersAfter(HeaderWriterFilter.java:90)
	at org.springframework.security.web.header.HeaderWriterFilter.doFilterInternal(HeaderWriterFilter.java:75)
	at org.springframework.web.filter.OncePerRequestFilter.doFilter(OncePerRequestFilter.java:116)
	at org.springframework.security.web.ObservationFilterChainDecorator$ObservationFilter.wrapFilter(ObservationFilterChainDecorator.java:240)
	at org.springframework.security.web.ObservationFilterChainDecorator$ObservationFilter.doFilter(ObservationFilterChainDecorator.java:227)
	at org.springframework.security.web.ObservationFilterChainDecorator$VirtualFilterChain.doFilter(ObservationFilterChainDecorator.java:137)
	at org.springframework.security.web.context.SecurityContextHolderFilter.doFilter(SecurityContextHolderFilter.java:82)
	at org.springframework.security.web.context.SecurityContextHolderFilter.doFilter(SecurityContextHolderFilter.java:69)
	at org.springframework.security.web.ObservationFilterChainDecorator$ObservationFilter.wrapFilter(ObservationFilterChainDecorator.java:240)
	at org.springframework.security.web.ObservationFilterChainDecorator$ObservationFilter.doFilter(ObservationFilterChainDecorator.java:227)
	at org.springframework.security.web.ObservationFilterChainDecorator$VirtualFilterChain.doFilter(ObservationFilterChainDecorator.java:137)
	at org.springframework.security.web.context.request.async.WebAsyncManagerIntegrationFilter.doFilterInternal(WebAsyncManagerIntegrationFilter.java:62)
	at org.springframework.web.filter.OncePerRequestFilter.doFilter(OncePerRequestFilter.java:116)
	at org.springframework.security.web.ObservationFilterChainDecorator$ObservationFilter.wrapFilter(ObservationFilterChainDecorator.java:240)
	at org.springframework.security.web.ObservationFilterChainDecorator$ObservationFilter.doFilter(ObservationFilterChainDecorator.java:227)
	at org.springframework.security.web.ObservationFilterChainDecorator$VirtualFilterChain.doFilter(ObservationFilterChainDecorator.java:137)
	at org.springframework.security.web.session.DisableEncodeUrlFilter.doFilterInternal(DisableEncodeUrlFilter.java:42)
	at org.springframework.web.filter.OncePerRequestFilter.doFilter(OncePerRequestFilter.java:116)
	at org.springframework.security.web.ObservationFilterChainDecorator$ObservationFilter.wrapFilter(ObservationFilterChainDecorator.java:240)
	at org.springframework.security.web.ObservationFilterChainDecorator$AroundFilterObservation$SimpleAroundFilterObservation.lambda$wrap$0(ObservationFilterChainDecorator.java:323)
	at org.springframework.security.web.ObservationFilterChainDecorator$ObservationFilter.doFilter(ObservationFilterChainDecorator.java:224)
	at org.springframework.security.web.ObservationFilterChainDecorator$VirtualFilterChain.doFilter(ObservationFilterChainDecorator.java:137)
	at org.springframework.security.web.FilterChainProxy.doFilterInternal(FilterChainProxy.java:233)
	at org.springframework.security.web.FilterChainProxy.doFilter(FilterChainProxy.java:191)
	at org.springframework.web.filter.CompositeFilter$VirtualFilterChain.doFilter(CompositeFilter.java:113)
	at org.springframework.web.servlet.handler.HandlerMappingIntrospector.lambda$createCacheFilter$3(HandlerMappingIntrospector.java:243)
	at org.springframework.web.filter.CompositeFilter$VirtualFilterChain.doFilter(CompositeFilter.java:113)
	at org.springframework.web.filter.CompositeFilter.doFilter(CompositeFilter.java:74)
	at org.springframework.security.config.annotation.web.configuration.WebMvcSecurityConfiguration$CompositeFilterChainProxy.doFilter(WebMvcSecurityConfiguration.java:238)
	at org.springframework.web.filter.DelegatingFilterProxy.invokeDelegate(DelegatingFilterProxy.java:362)
	at org.springframework.web.filter.DelegatingFilterProxy.doFilter(DelegatingFilterProxy.java:278)
	at org.apache.catalina.core.ApplicationFilterChain.internalDoFilter(ApplicationFilterChain.java:164)
	at org.apache.catalina.core.ApplicationFilterChain.doFilter(ApplicationFilterChain.java:140)
	at org.springframework.web.filter.RequestContextFilter.doFilterInternal(RequestContextFilter.java:100)
	at org.springframework.web.filter.OncePerRequestFilter.doFilter(OncePerRequestFilter.java:116)
	at org.apache.catalina.core.ApplicationFilterChain.internalDoFilter(ApplicationFilterChain.java:164)
	at org.apache.catalina.core.ApplicationFilterChain.doFilter(ApplicationFilterChain.java:140)
	at org.springframework.web.filter.FormContentFilter.doFilterInternal(FormContentFilter.java:93)
	at org.springframework.web.filter.OncePerRequestFilter.doFilter(OncePerRequestFilter.java:116)
	at org.apache.catalina.core.ApplicationFilterChain.internalDoFilter(ApplicationFilterChain.java:164)
	at org.apache.catalina.core.ApplicationFilterChain.doFilter(ApplicationFilterChain.java:140)
	at org.springframework.web.filter.ServerHttpObservationFilter.doFilterInternal(ServerHttpObservationFilter.java:114)
	at org.springframework.web.filter.OncePerRequestFilter.doFilter(OncePerRequestFilter.java:116)
	at org.apache.catalina.core.ApplicationFilterChain.internalDoFilter(ApplicationFilterChain.java:164)
	at org.apache.catalina.core.ApplicationFilterChain.doFilter(ApplicationFilterChain.java:140)
	at org.springframework.web.filter.CharacterEncodingFilter.doFilterInternal(CharacterEncodingFilter.java:201)
	at org.springframework.web.filter.OncePerRequestFilter.doFilter(OncePerRequestFilter.java:116)
	at org.apache.catalina.core.ApplicationFilterChain.internalDoFilter(ApplicationFilterChain.java:164)
	at org.apache.catalina.core.ApplicationFilterChain.doFilter(ApplicationFilterChain.java:140)
	at org.apache.catalina.core.StandardWrapperValve.invoke(StandardWrapperValve.java:167)
	at org.apache.catalina.core.StandardContextValve.invoke(StandardContextValve.java:90)
	at org.apache.catalina.authenticator.AuthenticatorBase.invoke(AuthenticatorBase.java:483)
	at org.apache.catalina.core.StandardHostValve.invoke(StandardHostValve.java:115)
	at org.apache.catalina.valves.ErrorReportValve.invoke(ErrorReportValve.java:93)
	at org.apache.catalina.core.StandardEngineValve.invoke(StandardEngineValve.java:74)
	at org.apache.catalina.connector.CoyoteAdapter.service(CoyoteAdapter.java:344)
	at org.apache.coyote.http11.Http11Processor.service(Http11Processor.java:397)
	at org.apache.coyote.AbstractProcessorLight.process(AbstractProcessorLight.java:63)
	at org.apache.coyote.AbstractProtocol$ConnectionHandler.process(AbstractProtocol.java:905)
	at org.apache.tomcat.util.net.NioEndpoint$SocketProcessor.doRun(NioEndpoint.java:1743)
	at org.apache.tomcat.util.net.SocketProcessorBase.run(SocketProcessorBase.java:52)
	at org.apache.tomcat.util.threads.ThreadPoolExecutor.runWorker(ThreadPoolExecutor.java:1190)
	at org.apache.tomcat.util.threads.ThreadPoolExecutor$Worker.run(ThreadPoolExecutor.java:659)
	at org.apache.tomcat.util.threads.TaskThread$WrappingRunnable.run(TaskThread.java:63)
	at java.base/java.lang.Thread.run(Thread.java:840)
2025-03-02 06:13:28,862 INFO c.e.s.s.a.LogginAspect [http-nio-8080-exec-7] → Starting extractUsername in JwtService
2025-03-02 06:13:28,862 DEBUG c.e.s.s.s.JwtService [http-nio-8080-exec-7] Extraindo username do token
2025-03-02 06:13:28,865 DEBUG c.e.s.s.s.JwtService [http-nio-8080-exec-7] Username extraído: viniaqf@gmail.com
2025-03-02 06:13:28,865 INFO c.e.s.s.a.LogginAspect [http-nio-8080-exec-7] ← Completed extractUsername in 3ms
2025-03-02 06:13:28,866 INFO c.e.s.s.a.LogginAspect [http-nio-8080-exec-7] → Starting loadUserByUsername in CustomUserDetailsService
2025-03-02 06:13:28,916 INFO c.e.s.s.a.LogginAspect [http-nio-8080-exec-7] ← Completed loadUserByUsername in 49ms
2025-03-02 06:13:28,917 INFO c.e.s.s.a.LogginAspect [http-nio-8080-exec-7] → Starting isTokenValid in JwtService
2025-03-02 06:13:28,918 DEBUG c.e.s.s.s.JwtService [http-nio-8080-exec-7] Validando token para usuário: viniaqf@gmail.com
2025-03-02 06:13:28,918 DEBUG c.e.s.s.s.JwtService [http-nio-8080-exec-7] Extraindo username do token
2025-03-02 06:13:28,920 DEBUG c.e.s.s.s.JwtService [http-nio-8080-exec-7] Username extraído: viniaqf@gmail.com
2025-03-02 06:13:28,922 DEBUG c.e.s.s.s.JwtService [http-nio-8080-exec-7] Token expirado: false
2025-03-02 06:13:28,925 DEBUG c.e.s.s.s.JwtService [http-nio-8080-exec-7] Token é válido: true
2025-03-02 06:13:28,925 INFO c.e.s.s.a.LogginAspect [http-nio-8080-exec-7] ← Completed isTokenValid in 7ms
2025-03-02 06:13:28,932 INFO c.e.s.s.a.LogginAspect [http-nio-8080-exec-7] → Starting post in ItensService
2025-03-02 06:13:28,933 INFO c.e.s.s.a.LogginAspect [http-nio-8080-exec-7] → Starting findByEmail in UserService
2025-03-02 06:13:28,933 DEBUG c.e.s.s.s.UserService [http-nio-8080-exec-7] Buscando usuário por email: viniaqf@gmail.com
2025-03-02 06:13:28,939 INFO c.e.s.s.a.LogginAspect [http-nio-8080-exec-7] ← Completed findByEmail in 6ms
2025-03-02 06:13:28,940 INFO c.e.s.s.s.ItensService [http-nio-8080-exec-7] Iniciando a criação de um item pelo usuário: Vinicius (ID: 1)
2025-03-02 06:13:28,950 INFO c.e.s.s.s.ItensService [http-nio-8080-exec-7] Item criado com sucesso. ID: 1
2025-03-02 06:13:28,953 INFO c.e.s.s.a.LogginAspect [http-nio-8080-exec-7] ← Completed post in 20ms
2025-03-02 06:13:56,198 INFO c.e.s.s.a.LogginAspect [http-nio-8080-exec-8] → Starting extractUsername in JwtService
2025-03-02 06:13:56,199 DEBUG c.e.s.s.s.JwtService [http-nio-8080-exec-8] Extraindo username do token
2025-03-02 06:13:56,201 ERROR c.e.s.s.s.JwtService [http-nio-8080-exec-8] Erro ao extrair claims do token: JWT expired at 2025-03-02T08:35:06Z. Current time: 2025-03-02T09:13:56Z, a difference of 2330201 milliseconds.  Allowed clock skew: 0 milliseconds.
2025-03-02 06:13:56,201 ERROR c.e.s.s.a.LogginAspect [http-nio-8080-exec-8] × Error in extractUsername: JWT expired at 2025-03-02T08:35:06Z. Current time: 2025-03-02T09:13:56Z, a difference of 2330201 milliseconds.  Allowed clock skew: 0 milliseconds.
2025-03-02 06:13:56,203 ERROR o.a.j.l.DirectJDKLog [http-nio-8080-exec-8] Servlet.service() for servlet [dispatcherServlet] in context with path [] threw exception
io.jsonwebtoken.ExpiredJwtException: JWT expired at 2025-03-02T08:35:06Z. Current time: 2025-03-02T09:13:56Z, a difference of 2330201 milliseconds.  Allowed clock skew: 0 milliseconds.
	at io.jsonwebtoken.impl.DefaultJwtParser.parse(DefaultJwtParser.java:427)
	at io.jsonwebtoken.impl.DefaultJwtParser.parse(DefaultJwtParser.java:529)
	at io.jsonwebtoken.impl.DefaultJwtParser.parseClaimsJws(DefaultJwtParser.java:589)
	at io.jsonwebtoken.impl.ImmutableJwtParser.parseClaimsJws(ImmutableJwtParser.java:173)
	at com.example.serverless.serverless.service.JwtService.extractAllClaims(JwtService.java:87)
	at com.example.serverless.serverless.service.JwtService.extractClaim(JwtService.java:110)
	at com.example.serverless.serverless.service.JwtService.extractUsername(JwtService.java:28)
	at java.base/jdk.internal.reflect.NativeMethodAccessorImpl.invoke0(Native Method)
	at java.base/jdk.internal.reflect.NativeMethodAccessorImpl.invoke(NativeMethodAccessorImpl.java:77)
	at java.base/jdk.internal.reflect.DelegatingMethodAccessorImpl.invoke(DelegatingMethodAccessorImpl.java:43)
	at java.base/java.lang.reflect.Method.invoke(Method.java:569)
	at org.springframework.aop.support.AopUtils.invokeJoinpointUsingReflection(AopUtils.java:359)
	at org.springframework.aop.framework.ReflectiveMethodInvocation.invokeJoinpoint(ReflectiveMethodInvocation.java:196)
	at org.springframework.aop.framework.ReflectiveMethodInvocation.proceed(ReflectiveMethodInvocation.java:163)
	at org.springframework.aop.aspectj.MethodInvocationProceedingJoinPoint.proceed(MethodInvocationProceedingJoinPoint.java:89)
	at com.example.serverless.serverless.aspect.LogginAspect.logServiceMethods(LogginAspect.java:26)
	at java.base/jdk.internal.reflect.NativeMethodAccessorImpl.invoke0(Native Method)
	at java.base/jdk.internal.reflect.NativeMethodAccessorImpl.invoke(NativeMethodAccessorImpl.java:77)
	at java.base/jdk.internal.reflect.DelegatingMethodAccessorImpl.invoke(DelegatingMethodAccessorImpl.java:43)
	at java.base/java.lang.reflect.Method.invoke(Method.java:569)
	at org.springframework.aop.aspectj.AbstractAspectJAdvice.invokeAdviceMethodWithGivenArgs(AbstractAspectJAdvice.java:642)
	at org.springframework.aop.aspectj.AbstractAspectJAdvice.invokeAdviceMethod(AbstractAspectJAdvice.java:632)
	at org.springframework.aop.aspectj.AspectJAroundAdvice.invoke(AspectJAroundAdvice.java:71)
	at org.springframework.aop.framework.ReflectiveMethodInvocation.proceed(ReflectiveMethodInvocation.java:184)
	at org.springframework.aop.interceptor.ExposeInvocationInterceptor.invoke(ExposeInvocationInterceptor.java:97)
	at org.springframework.aop.framework.ReflectiveMethodInvocation.proceed(ReflectiveMethodInvocation.java:184)
	at org.springframework.aop.framework.CglibAopProxy$DynamicAdvisedInterceptor.intercept(CglibAopProxy.java:727)
	at com.example.serverless.serverless.service.JwtService$$SpringCGLIB$$0.extractUsername(<generated>)
	at com.example.serverless.serverless.filter.JwtAuthFilter.doFilterInternal(JwtAuthFilter.java:42)
	at org.springframework.web.filter.OncePerRequestFilter.doFilter(OncePerRequestFilter.java:116)
	at org.springframework.security.web.ObservationFilterChainDecorator$ObservationFilter.wrapFilter(ObservationFilterChainDecorator.java:240)
	at org.springframework.security.web.ObservationFilterChainDecorator$ObservationFilter.doFilter(ObservationFilterChainDecorator.java:227)
	at org.springframework.security.web.ObservationFilterChainDecorator$VirtualFilterChain.doFilter(ObservationFilterChainDecorator.java:137)
	at org.springframework.security.web.authentication.logout.LogoutFilter.doFilter(LogoutFilter.java:107)
	at org.springframework.security.web.authentication.logout.LogoutFilter.doFilter(LogoutFilter.java:93)
	at org.springframework.security.web.ObservationFilterChainDecorator$ObservationFilter.wrapFilter(ObservationFilterChainDecorator.java:240)
	at org.springframework.security.web.ObservationFilterChainDecorator$ObservationFilter.doFilter(ObservationFilterChainDecorator.java:227)
	at org.springframework.security.web.ObservationFilterChainDecorator$VirtualFilterChain.doFilter(ObservationFilterChainDecorator.java:137)
	at org.springframework.security.web.header.HeaderWriterFilter.doHeadersAfter(HeaderWriterFilter.java:90)
	at org.springframework.security.web.header.HeaderWriterFilter.doFilterInternal(HeaderWriterFilter.java:75)
	at org.springframework.web.filter.OncePerRequestFilter.doFilter(OncePerRequestFilter.java:116)
	at org.springframework.security.web.ObservationFilterChainDecorator$ObservationFilter.wrapFilter(ObservationFilterChainDecorator.java:240)
	at org.springframework.security.web.ObservationFilterChainDecorator$ObservationFilter.doFilter(ObservationFilterChainDecorator.java:227)
	at org.springframework.security.web.ObservationFilterChainDecorator$VirtualFilterChain.doFilter(ObservationFilterChainDecorator.java:137)
	at org.springframework.security.web.context.SecurityContextHolderFilter.doFilter(SecurityContextHolderFilter.java:82)
	at org.springframework.security.web.context.SecurityContextHolderFilter.doFilter(SecurityContextHolderFilter.java:69)
	at org.springframework.security.web.ObservationFilterChainDecorator$ObservationFilter.wrapFilter(ObservationFilterChainDecorator.java:240)
	at org.springframework.security.web.ObservationFilterChainDecorator$ObservationFilter.doFilter(ObservationFilterChainDecorator.java:227)
	at org.springframework.security.web.ObservationFilterChainDecorator$VirtualFilterChain.doFilter(ObservationFilterChainDecorator.java:137)
	at org.springframework.security.web.context.request.async.WebAsyncManagerIntegrationFilter.doFilterInternal(WebAsyncManagerIntegrationFilter.java:62)
	at org.springframework.web.filter.OncePerRequestFilter.doFilter(OncePerRequestFilter.java:116)
	at org.springframework.security.web.ObservationFilterChainDecorator$ObservationFilter.wrapFilter(ObservationFilterChainDecorator.java:240)
	at org.springframework.security.web.ObservationFilterChainDecorator$ObservationFilter.doFilter(ObservationFilterChainDecorator.java:227)
	at org.springframework.security.web.ObservationFilterChainDecorator$VirtualFilterChain.doFilter(ObservationFilterChainDecorator.java:137)
	at org.springframework.security.web.session.DisableEncodeUrlFilter.doFilterInternal(DisableEncodeUrlFilter.java:42)
	at org.springframework.web.filter.OncePerRequestFilter.doFilter(OncePerRequestFilter.java:116)
	at org.springframework.security.web.ObservationFilterChainDecorator$ObservationFilter.wrapFilter(ObservationFilterChainDecorator.java:240)
	at org.springframework.security.web.ObservationFilterChainDecorator$AroundFilterObservation$SimpleAroundFilterObservation.lambda$wrap$0(ObservationFilterChainDecorator.java:323)
	at org.springframework.security.web.ObservationFilterChainDecorator$ObservationFilter.doFilter(ObservationFilterChainDecorator.java:224)
	at org.springframework.security.web.ObservationFilterChainDecorator$VirtualFilterChain.doFilter(ObservationFilterChainDecorator.java:137)
	at org.springframework.security.web.FilterChainProxy.doFilterInternal(FilterChainProxy.java:233)
	at org.springframework.security.web.FilterChainProxy.doFilter(FilterChainProxy.java:191)
	at org.springframework.web.filter.CompositeFilter$VirtualFilterChain.doFilter(CompositeFilter.java:113)
	at org.springframework.web.servlet.handler.HandlerMappingIntrospector.lambda$createCacheFilter$3(HandlerMappingIntrospector.java:243)
	at org.springframework.web.filter.CompositeFilter$VirtualFilterChain.doFilter(CompositeFilter.java:113)
	at org.springframework.web.filter.CompositeFilter.doFilter(CompositeFilter.java:74)
	at org.springframework.security.config.annotation.web.configuration.WebMvcSecurityConfiguration$CompositeFilterChainProxy.doFilter(WebMvcSecurityConfiguration.java:238)
	at org.springframework.web.filter.DelegatingFilterProxy.invokeDelegate(DelegatingFilterProxy.java:362)
	at org.springframework.web.filter.DelegatingFilterProxy.doFilter(DelegatingFilterProxy.java:278)
	at org.apache.catalina.core.ApplicationFilterChain.internalDoFilter(ApplicationFilterChain.java:164)
	at org.apache.catalina.core.ApplicationFilterChain.doFilter(ApplicationFilterChain.java:140)
	at org.springframework.web.filter.RequestContextFilter.doFilterInternal(RequestContextFilter.java:100)
	at org.springframework.web.filter.OncePerRequestFilter.doFilter(OncePerRequestFilter.java:116)
	at org.apache.catalina.core.ApplicationFilterChain.internalDoFilter(ApplicationFilterChain.java:164)
	at org.apache.catalina.core.ApplicationFilterChain.doFilter(ApplicationFilterChain.java:140)
	at org.springframework.web.filter.FormContentFilter.doFilterInternal(FormContentFilter.java:93)
	at org.springframework.web.filter.OncePerRequestFilter.doFilter(OncePerRequestFilter.java:116)
	at org.apache.catalina.core.ApplicationFilterChain.internalDoFilter(ApplicationFilterChain.java:164)
	at org.apache.catalina.core.ApplicationFilterChain.doFilter(ApplicationFilterChain.java:140)
	at org.springframework.web.filter.ServerHttpObservationFilter.doFilterInternal(ServerHttpObservationFilter.java:114)
	at org.springframework.web.filter.OncePerRequestFilter.doFilter(OncePerRequestFilter.java:116)
	at org.apache.catalina.core.ApplicationFilterChain.internalDoFilter(ApplicationFilterChain.java:164)
	at org.apache.catalina.core.ApplicationFilterChain.doFilter(ApplicationFilterChain.java:140)
	at org.springframework.web.filter.CharacterEncodingFilter.doFilterInternal(CharacterEncodingFilter.java:201)
	at org.springframework.web.filter.OncePerRequestFilter.doFilter(OncePerRequestFilter.java:116)
	at org.apache.catalina.core.ApplicationFilterChain.internalDoFilter(ApplicationFilterChain.java:164)
	at org.apache.catalina.core.ApplicationFilterChain.doFilter(ApplicationFilterChain.java:140)
	at org.apache.catalina.core.StandardWrapperValve.invoke(StandardWrapperValve.java:167)
	at org.apache.catalina.core.StandardContextValve.invoke(StandardContextValve.java:90)
	at org.apache.catalina.authenticator.AuthenticatorBase.invoke(AuthenticatorBase.java:483)
	at org.apache.catalina.core.StandardHostValve.invoke(StandardHostValve.java:115)
	at org.apache.catalina.valves.ErrorReportValve.invoke(ErrorReportValve.java:93)
	at org.apache.catalina.core.StandardEngineValve.invoke(StandardEngineValve.java:74)
	at org.apache.catalina.connector.CoyoteAdapter.service(CoyoteAdapter.java:344)
	at org.apache.coyote.http11.Http11Processor.service(Http11Processor.java:397)
	at org.apache.coyote.AbstractProcessorLight.process(AbstractProcessorLight.java:63)
	at org.apache.coyote.AbstractProtocol$ConnectionHandler.process(AbstractProtocol.java:905)
	at org.apache.tomcat.util.net.NioEndpoint$SocketProcessor.doRun(NioEndpoint.java:1743)
	at org.apache.tomcat.util.net.SocketProcessorBase.run(SocketProcessorBase.java:52)
	at org.apache.tomcat.util.threads.ThreadPoolExecutor.runWorker(ThreadPoolExecutor.java:1190)
	at org.apache.tomcat.util.threads.ThreadPoolExecutor$Worker.run(ThreadPoolExecutor.java:659)
	at org.apache.tomcat.util.threads.TaskThread$WrappingRunnable.run(TaskThread.java:63)
	at java.base/java.lang.Thread.run(Thread.java:840)
2025-03-02 06:14:02,802 INFO c.e.s.s.a.LogginAspect [http-nio-8080-exec-9] → Starting extractUsername in JwtService
2025-03-02 06:14:02,803 DEBUG c.e.s.s.s.JwtService [http-nio-8080-exec-9] Extraindo username do token
2025-03-02 06:14:02,804 DEBUG c.e.s.s.s.JwtService [http-nio-8080-exec-9] Username extraído: viniaqf@gmail.com
2025-03-02 06:14:02,805 INFO c.e.s.s.a.LogginAspect [http-nio-8080-exec-9] ← Completed extractUsername in 2ms
2025-03-02 06:14:02,806 INFO c.e.s.s.a.LogginAspect [http-nio-8080-exec-9] → Starting loadUserByUsername in CustomUserDetailsService
2025-03-02 06:14:02,811 INFO c.e.s.s.a.LogginAspect [http-nio-8080-exec-9] ← Completed loadUserByUsername in 5ms
2025-03-02 06:14:02,812 INFO c.e.s.s.a.LogginAspect [http-nio-8080-exec-9] → Starting isTokenValid in JwtService
2025-03-02 06:14:02,812 DEBUG c.e.s.s.s.JwtService [http-nio-8080-exec-9] Validando token para usuário: viniaqf@gmail.com
2025-03-02 06:14:02,813 DEBUG c.e.s.s.s.JwtService [http-nio-8080-exec-9] Extraindo username do token
2025-03-02 06:14:02,815 DEBUG c.e.s.s.s.JwtService [http-nio-8080-exec-9] Username extraído: viniaqf@gmail.com
2025-03-02 06:14:02,818 DEBUG c.e.s.s.s.JwtService [http-nio-8080-exec-9] Token expirado: false
2025-03-02 06:14:02,819 DEBUG c.e.s.s.s.JwtService [http-nio-8080-exec-9] Token é válido: true
2025-03-02 06:14:02,819 INFO c.e.s.s.a.LogginAspect [http-nio-8080-exec-9] ← Completed isTokenValid in 7ms
2025-03-02 06:14:02,822 INFO c.e.s.s.a.LogginAspect [http-nio-8080-exec-9] → Starting findAll in ItensService
2025-03-02 06:14:02,834 INFO c.e.s.s.a.LogginAspect [http-nio-8080-exec-9] ← Completed findAll in 12ms
